eeschema (2013-mar-13)-testing  >> Creation date: Fri 10 May 2013 04:36:57 PM EST
#Cmp ( order = Reference )
| C1         1uf         
| C2         0.1uf       
| C3         18pf        
| C4         18pf        
| C5         1uf         
| P9         BeagleBone  
| Q1         12MHz       
| R1         33          
| R2         33          
| R3         0           
| U1         MAX3421     
| USB1       USB-MINI-B  
#End Cmp

#Cmp ( order = Value )
| 18pf         C3        
| 18pf         C4        
| 0.1uf        C2        
| 1uf          C1        
| 1uf          C5        
| BeagleBone   P9        
| 12MHz        Q1        
| 0            R3        
| 33           R1        
| 33           R2        
| MAX3421      U1        
| USB-MINI-B   USB1      
#End Cmp

#End List
